INFO:werkzeug: * Restarting with stat
WARNING:werkzeug: * Debugger is active!
INFO:werkzeug: * Debugger PIN: 276-846-159
INFO:werkzeug: * Detected change in '/home/commander/project/new_projects/maptin/app.py', reloading
INFO:werkzeug: * Restarting with stat
WARNING:werkzeug: * Debugger is active!
INFO:werkzeug: * Debugger PIN: 276-846-159
INFO:werkzeug: * Detected change in '/home/commander/project/new_projects/maptin/app.py', reloading
INFO:werkzeug: * Restarting with stat
WARNING:werkzeug: * Debugger is active!
INFO:werkzeug: * Debugger PIN: 276-846-159
INFO:werkzeug: * Detected change in '/home/commander/project/new_projects/maptin/app.py', reloading
INFO:werkzeug: * Restarting with stat
WARNING:werkzeug: * Debugger is active!
INFO:werkzeug: * Debugger PIN: 276-846-159
INFO:werkzeug: * Detected change in '/home/commander/project/new_projects/maptin/app.py', reloading
INFO:werkzeug: * Restarting with stat
WARNING:werkzeug: * Debugger is active!
INFO:werkzeug: * Debugger PIN: 276-846-159
INFO:werkzeug: * Detected change in '/home/commander/project/new_projects/maptin/app.py', reloading
INFO:werkzeug: * Restarting with stat
WARNING:werkzeug: * Debugger is active!
INFO:werkzeug: * Debugger PIN: 276-846-159
INFO:werkzeug: * Detected change in '/home/commander/project/new_projects/maptin/app.py', reloading
INFO:werkzeug: * Restarting with stat
INFO:werkzeug: * Restarting with stat
WARNING:werkzeug: * Debugger is active!
INFO:werkzeug: * Debugger PIN: 276-846-159
INFO:werkzeug: * Detected change in '/home/commander/project/new_projects/maptin/tin/system.py', reloading
INFO:werkzeug: * Restarting with stat
WARNING:werkzeug: * Debugger is active!
INFO:werkzeug: * Debugger PIN: 276-846-159
INFO:werkzeug: * Detected change in '/home/commander/project/new_projects/maptin/tin/system.py', reloading
INFO:werkzeug: * Restarting with stat
WARNING:werkzeug: * Debugger is active!
INFO:werkzeug: * Debugger PIN: 276-846-159
INFO:werkzeug: * Detected change in '/home/commander/project/new_projects/maptin/tin/system.py', reloading
INFO:werkzeug: * Restarting with stat
WARNING:werkzeug: * Debugger is active!
INFO:werkzeug: * Debugger PIN: 276-846-159
INFO:werkzeug: * Detected change in '/home/commander/project/new_projects/maptin/tin/system.py', reloading
INFO:werkzeug: * Restarting with stat
WARNING:werkzeug: * Debugger is active!
INFO:werkzeug: * Debugger PIN: 276-846-159
INFO:werkzeug: * Detected change in '/home/commander/project/new_projects/maptin/tin/system.py', reloading
INFO:werkzeug: * Restarting with stat
WARNING:werkzeug: * Debugger is active!
INFO:werkzeug: * Debugger PIN: 276-846-159
INFO:werkzeug: * Detected change in '/home/commander/project/new_projects/maptin/app.py', reloading
INFO:werkzeug: * Restarting with stat
WARNING:werkzeug: * Debugger is active!
INFO:werkzeug: * Debugger PIN: 276-846-159
INFO:werkzeug: * Detected change in '/home/commander/project/new_projects/maptin/app.py', reloading
INFO:werkzeug: * Restarting with stat
WARNING:werkzeug: * Debugger is active!
INFO:werkzeug: * Debugger PIN: 276-846-159
INFO:werkzeug: * Detected change in '/home/commander/project/new_projects/maptin/tin/system.py', reloading
INFO:werkzeug: * Restarting with stat
INFO:werkzeug: * Restarting with stat
WARNING:werkzeug: * Debugger is active!
INFO:werkzeug: * Debugger PIN: 276-846-159
INFO:werkzeug: * Detected change in '/home/commander/project/new_projects/maptin/tin/system.py', reloading
INFO:werkzeug: * Restarting with stat
WARNING:werkzeug: * Debugger is active!
INFO:werkzeug: * Debugger PIN: 276-846-159
INFO:werkzeug: * Detected change in '/home/commander/project/new_projects/maptin/tin/system.py', reloading
INFO:werkzeug: * Restarting with stat
WARNING:werkzeug: * Debugger is active!
INFO:werkzeug: * Debugger PIN: 276-846-159
INFO:werkzeug: * Detected change in '/home/commander/project/new_projects/maptin/tin/system.py', reloading
INFO:werkzeug: * Restarting with stat
WARNING:werkzeug: * Debugger is active!
INFO:werkzeug: * Debugger PIN: 276-846-159
INFO:werkzeug: * Detected change in '/home/commander/project/new_projects/maptin/tin/system.py', reloading
INFO:werkzeug: * Restarting with stat
INFO:werkzeug: * Restarting with stat
WARNING:werkzeug: * Debugger is active!
INFO:werkzeug: * Debugger PIN: 276-846-159
INFO:werkzeug: * Detected change in '/home/commander/project/new_projects/maptin/tin/system.py', reloading
INFO:werkzeug: * Restarting with stat
WARNING:werkzeug: * Debugger is active!
INFO:werkzeug: * Debugger PIN: 276-846-159
INFO:werkzeug: * Detected change in '/home/commander/project/new_projects/maptin/tin/system.py', reloading
INFO:werkzeug: * Restarting with stat
WARNING:werkzeug: * Debugger is active!
INFO:werkzeug: * Debugger PIN: 276-846-159
INFO:werkzeug: * Detected change in '/home/commander/project/new_projects/maptin/tin/system.py', reloading
INFO:werkzeug: * Restarting with stat
WARNING:werkzeug: * Debugger is active!
INFO:werkzeug: * Debugger PIN: 276-846-159
INFO:werkzeug: * Detected change in '/home/commander/project/new_projects/maptin/tin/system.py', reloading
INFO:werkzeug: * Restarting with stat
WARNING:werkzeug: * Debugger is active!
INFO:werkzeug: * Debugger PIN: 276-846-159
INFO:werkzeug: * Detected change in '/home/commander/project/new_projects/maptin/tin/system.py', reloading
INFO:werkzeug: * Restarting with stat
WARNING:werkzeug: * Debugger is active!
INFO:werkzeug: * Debugger PIN: 276-846-159
INFO:werkzeug: * Detected change in '/home/commander/project/new_projects/maptin/tin/system.py', reloading
INFO:werkzeug: * Restarting with stat
WARNING:werkzeug: * Debugger is active!
INFO:werkzeug: * Debugger PIN: 276-846-159
INFO:werkzeug: * Detected change in '/home/commander/project/new_projects/maptin/tin/system.py', reloading
INFO:werkzeug: * Restarting with stat
INFO:werkzeug: * Restarting with stat
WARNING:werkzeug: * Debugger is active!
INFO:werkzeug: * Debugger PIN: 276-846-159
INFO:werkzeug: * Detected change in '/home/commander/project/new_projects/maptin/tin/system.py', reloading
INFO:werkzeug: * Restarting with stat
WARNING:werkzeug: * Debugger is active!
INFO:werkzeug: * Debugger PIN: 276-846-159
